# JRE version: OpenJDK Runtime Environment (25.0.1+8) (build 25.0.1+8-27)
# Java VM: OpenJDK 64-Bit Server VM (25.0.1+8-27, mixed mode, emulated-client, sharing, tiered, compressed oops, compressed class ptrs, g1 gc, windows-amd64)
GC Precious Log:
 CardTable entry size: 512
 Card Set container configuration: InlinePtr #cards 5 size 8 Array Of Cards #cards 10 size 36 Howl #buckets 4 coarsen threshold 1843 Howl Bitmap #cards 512 size 80 coarsen threshold 460 Card regions per heap region 1 cards per card region 2048
 CPUs: 8 total, 8 available
 Memory: 7962M
 Large Page Support: Disabled
 NUMA Support: Disabled
 Compressed Oops: Enabled (32-bit)
 Heap Region Size: 1M
 Heap Min Capacity: 8M
 Heap Initial Capacity: 126M
 Heap Max Capacity: 1992M
 Pre-touch: Disabled
 Parallel Workers: 8
 Concurrent Workers: 2
 Concurrent Refinement Workers: 8
 Periodic GC: Disabled
Heap:
 garbage-first heap   total reserved 2039808K, committed 107520K, used 80965K [0x0000000083800000, 0x0000000100000000)
  region size 1024K, 23 young (23552K), 4 survivors (4096K)
GC Heap Usage History (20 events):
Event: 11.897 {heap Before GC invocations=17 (full 0):
 garbage-first heap   total reserved 2039808K, committed 81920K, used 71835K [0x0000000083800000, 0x0000000100000000)
  region size 1024K, 28 young (28672K), 2 survivors (2048K)
}
Event: 11.901 {heap After GC invocations=18 (full 0):
 garbage-first heap   total reserved 2039808K, committed 81920K, used 47705K [0x0000000083800000, 0x0000000100000000)
  region size 1024K, 4 young (4096K), 4 survivors (4096K)
}
Event: 12.601 {heap Before GC invocations=19 (full 0):
 garbage-first heap   total reserved 2039808K, committed 81920K, used 72281K [0x0000000083800000, 0x0000000100000000)
  region size 1024K, 29 young (29696K), 4 survivors (4096K)
}
Event: 12.606 {heap After GC invocations=20 (full 0):
 garbage-first heap   total reserved 2039808K, committed 81920K, used 49790K [0x0000000083800000, 0x0000000100000000)
  region size 1024K, 4 young (4096K), 4 survivors (4096K)
}
Event: 13.138 {heap Before GC invocations=20 (full 0):
 garbage-first heap   total reserved 2039808K, committed 81920K, used 74366K [0x0000000083800000, 0x0000000100000000)
  region size 1024K, 29 young (29696K), 4 survivors (4096K)
}
Event: 13.142 {heap After GC invocations=21 (full 0):
 garbage-first heap   total reserved 2039808K, committed 81920K, used 49906K [0x0000000083800000, 0x0000000100000000)
  region size 1024K, 3 young (3072K), 3 survivors (3072K)
}
Event: 13.760 {heap Before GC invocations=21 (full 0):
 garbage-first heap   total reserved 2039808K, committed 81920K, used 74482K [0x0000000083800000, 0x0000000100000000)
  region size 1024K, 28 young (28672K), 3 survivors (3072K)
}
Event: 13.764 {heap After GC invocations=22 (full 0):
 garbage-first heap   total reserved 2039808K, committed 81920K, used 50925K [0x0000000083800000, 0x0000000100000000)
  region size 1024K, 2 young (2048K), 2 survivors (2048K)
}
Event: 14.309 {heap Before GC invocations=23 (full 0):
 garbage-first heap   total reserved 2039808K, committed 86016K, used 76525K [0x0000000083800000, 0x0000000100000000)
  region size 1024K, 27 young (27648K), 2 survivors (2048K)
}
Event: 14.313 {heap After GC invocations=24 (full 0):
 garbage-first heap   total reserved 2039808K, committed 86016K, used 52973K [0x0000000083800000, 0x0000000100000000)
  region size 1024K, 4 young (4096K), 4 survivors (4096K)
}
Event: 14.783 {heap Before GC invocations=24 (full 0):
 garbage-first heap   total reserved 2039808K, committed 86016K, used 78573K [0x0000000083800000, 0x0000000100000000)
  region size 1024K, 30 young (30720K), 4 survivors (4096K)
}
Event: 14.789 {heap After GC invocations=25 (full 0):
 garbage-first heap   total reserved 2039808K, committed 89088K, used 54661K [0x0000000083800000, 0x0000000100000000)
  region size 1024K, 3 young (3072K), 3 survivors (3072K)
}
Event: 15.331 {heap Before GC invocations=25 (full 0):
 garbage-first heap   total reserved 2039808K, committed 89088K, used 81285K [0x0000000083800000, 0x0000000100000000)
  region size 1024K, 29 young (29696K), 3 survivors (3072K)
}
Event: 15.336 {heap After GC invocations=26 (full 0):
 garbage-first heap   total reserved 2039808K, committed 89088K, used 57141K [0x0000000083800000, 0x0000000100000000)
  region size 1024K, 4 young (4096K), 4 survivors (4096K)
}
Event: 15.893 {heap Before GC invocations=27 (full 0):
 garbage-first heap   total reserved 2039808K, committed 96256K, used 81717K [0x0000000083800000, 0x0000000100000000)
  region size 1024K, 29 young (29696K), 4 survivors (4096K)
}
Event: 15.898 {heap After GC invocations=28 (full 0):
 garbage-first heap   total reserved 2039808K, committed 96256K, used 59131K [0x0000000083800000, 0x0000000100000000)
  region size 1024K, 2 young (2048K), 2 survivors (2048K)
}
Event: 16.885 {heap Before GC invocations=28 (full 0):
 garbage-first heap   total reserved 2039808K, committed 96256K, used 88827K [0x0000000083800000, 0x0000000100000000)
  region size 1024K, 31 young (31744K), 2 survivors (2048K)
}
Event: 16.891 {heap After GC invocations=29 (full 0):
 garbage-first heap   total reserved 2039808K, committed 96256K, used 60652K [0x0000000083800000, 0x0000000100000000)
  region size 1024K, 4 young (4096K), 4 survivors (4096K)
}
Event: 17.580 {heap Before GC invocations=29 (full 0):
 garbage-first heap   total reserved 2039808K, committed 96256K, used 87276K [0x0000000083800000, 0x0000000100000000)
  region size 1024K, 31 young (31744K), 4 survivors (4096K)
}
Event: 17.586 {heap After GC invocations=30 (full 0):
 garbage-first heap   total reserved 2039808K, committed 96256K, used 63557K [0x0000000083800000, 0x0000000100000000)
  region size 1024K, 4 young (4096K), 4 survivors (4096K)
}

